Arguments: 
  /home/karl/.nvm/versions/node/v16.9.1/bin/node /home/karl/.nvm/versions/node/v16.9.1/bin/yarn start

PATH: 
  /home/karl/miniconda3/bin:/home/karl/bin:/home/karl/.node/bin:/home/karl/miniconda3/bin:/home/karl/bin:/home/karl/.node/bin:/home/karl/miniconda3/bin:/home/karl/.nvm/versions/node/v16.9.1/bin:/home/karl/bin:/home/karl/.node/bin:/usr/local/bin:/usr/local/sbin:/usr/bin:/usr/sbin:/usr/sbin:/sbin:/home/karl/.local/share/nvim/plugged/vim-iced/bin:/mnt/c/Program Files/Docker/Docker/resources/bin:/usr/sbin:/sbin:/home/karl/.local/share/nvim/plugged/vim-iced/bin:/mnt/c/Program Files/Docker/Docker/resources/bin:/usr/sbin:/sbin:/home/karl/.local/share/nvim/plugged/vim-iced/bin:/mnt/c/Program Files/Docker/Docker/resources/bin

Yarn version: 
  1.22.17

Node version: 
  16.9.1

Platform: 
  linux x64

Trace: 
  SyntaxError: /home/karl/src/magicMirror/event-bus/package.json: Unexpected token : in JSON at position 448
      at JSON.parse (<anonymous>)
      at /home/karl/.nvm/versions/node/v16.9.1/lib/node_modules/yarn/lib/cli.js:1625:59
      at Generator.next (<anonymous>)
      at step (/home/karl/.nvm/versions/node/v16.9.1/lib/node_modules/yarn/lib/cli.js:310:30)
      at /home/karl/.nvm/versions/node/v16.9.1/lib/node_modules/yarn/lib/cli.js:321:13

npm manifest: 
  {
    "name": "event-bus",
    "version": "1.0.0",
    "description": "",
    "main": "index.js",
    "author": "",
    "license": "ISC",
    "dependencies": {
      "@types/jest": "^26.0.13",
      "@types/node": "^11.9.4",
      "@types/ramda": "^0.25.50",
      "jest": "^26.4.2",
      "querystring": "^0.2.0",
      "ramda": "^0.23.0",
      "rxjs": "^6.4.0",
      "ws": "^6.0.0"
    },
    "react-native": {
      "ws": false,
      "uws": false
    },
    "scripts": [
        "start": "yarn tsc && node startServer.js"
    ],
    "devDependencies": {
      "@babel/core": "^7.11.6",
      "@babel/preset-env": "^7.11.5",
      "@babel/preset-typescript": "^7.10.4",
      "@types/ws": "^7.2.6",
      "babel-jest": "^26.3.0",
      "jest": "^26.4.2",
      "typescript": "^3.3.3"
    }
  }

yarn manifest: 
  No manifest

Lockfile: 
  No lockfile
